2025-12-20 19:40:30,596 - [INFO] - === 启动基于多目标优化理论的游戏数值系统建模与仿真项目 ===
2025-12-20 19:40:30,596 - [INFO] - 目录结构检查完成。
2025-12-20 19:40:30,596 - [INFO] - ------------------------------
2025-12-20 19:40:30,596 - [INFO] - >>> STEP 1: 数据生成 (Data Generation)
2025-12-20 19:40:30,596 - [INFO] - 正在生成英雄基础数据...
2025-12-20 19:40:30,605 - [INFO] - 正在模拟 100000 场战斗...
2025-12-20 19:40:36,950 - [INFO] - 正在模拟 1000000 次抽卡...
2025-12-20 19:40:38,774 - [INFO] - 正在生成第二章数据探索性分析(EDA)图表...
2025-12-20 19:40:44,669 - [INFO] - 第二章图表已生成至 C:\Users\Administrator\Desktop\recent_task\mathmodel\final_work\project\outputs\figures
2025-12-20 19:40:44,669 - [INFO] - ------------------------------
2025-12-20 19:40:44,669 - [INFO] - >>> STEP 2: 模型求解与优化 (Model Optimization)
2025-12-20 19:40:44,669 - [INFO] - [Ch3] 正在执行数值平衡回归与优化...
2025-12-20 19:40:44,717 - [INFO] - 成功加载战斗日志，共 100000 条记录。
2025-12-20 19:40:44,749 - [INFO] - 权重回归分析完成。模型准确率 (Accuracy): 0.6637
2025-12-20 19:40:44,749 - [INFO] - 识别到的权重: {'attack': np.float64(0.020552392683850215), 'defense': np.float64(0.014928886632588918), 'skill': np.float64(0.014348832121803769), 'player_skill': np.float64(0.04927722771777665)}
2025-12-20 19:40:44,751 - [INFO] - 开始执行多目标约束优化...
2025-12-20 19:40:44,803 - [INFO] - 已完成 100 个英雄的数值修正。
2025-12-20 19:40:44,805 - [INFO] - 英雄属性修正完成，已保存至 processed/corrected_heroes.csv
2025-12-20 19:40:44,806 - [INFO] - [Ch4] 正在拟合混合成长曲线...
2025-12-20 19:40:44,807 - [INFO] - 成长曲线拟合参数: a=0.0142, k=3.1345, b=5.4179
2025-12-20 19:40:44,808 - [INFO] - 成长参数拟合完成: {'a': 0.01415914701937739, 'k': 3.1345459806549556, 'b': 5.417873553327715, 'formula': 'a * L^k + b'}
2025-12-20 19:40:44,808 - [INFO] - [Ch5] 正在分析马尔可夫链稳态分布...
2025-12-20 19:40:44,810 - [INFO] - 理论期望抽数: 69.70 (保底=90)
2025-12-20 19:40:44,810 - [INFO] - [Ch6] 正在分析经济系统稳定性...
2025-12-20 19:40:44,810 - [WARNING] - 稳态求解未完全收敛: The iteration is not making good progress, as measured by the 
 improvement from the last ten iterations.
2025-12-20 19:40:44,810 - [INFO] - 经济系统状态判定: 发散 (Unstable), 稳态库存估算: [ 1.46665778e+02  2.33332593e+02 -8.19667471e+07]
2025-12-20 19:40:44,811 - [INFO] - ------------------------------
2025-12-20 19:40:44,811 - [INFO] - >>> STEP 3: 全系统耦合仿真 (System Simulation)
2025-12-20 19:40:44,811 - [INFO] - 正在运行【对照组】仿真 (Control Group)...
2025-12-20 19:40:44,811 - [INFO] - 仿真启动: Mode=control, Agents=1000, Days=30
2025-12-20 19:40:45,204 - [INFO] - 正在运行【实验组】仿真 (Experimental Group)...
2025-12-20 19:40:45,204 - [INFO] - 仿真启动: Mode=experiment, Agents=1000, Days=30
2025-12-20 19:40:45,606 - [INFO] - 仿真结束，结果已保存。
2025-12-20 19:40:45,606 - [INFO] - ------------------------------
2025-12-20 19:40:45,606 - [INFO] - >>> STEP 4: 结果可视化 (Visualization)
2025-12-20 19:40:46,772 - [INFO] - 可视化完成，请查看 C:\Users\Administrator\Desktop\recent_task\mathmodel\final_work\project\outputs\figures 目录。
2025-12-20 19:40:46,772 - [INFO] - === 项目全流程执行成功！ ===
